

============================== 2023-01-03 14:02:43.655843 | c2636a4e-930b-4a9f-84ae-eebbe72f95d8 ==============================
[0m14:02:43.655858 [info ] [MainThread]: Running with dbt=1.3.1
[0m14:02:43.656257 [debug] [MainThread]: running dbt with arguments {'write_json': True, 'use_colors': True, 'printer_width': 80, 'version_check': True, 'partial_parse': True, 'static_parser': True, 'profiles_dir': '/home/ulugbek/.dbt', 'send_anonymous_usage_stats': True, 'event_buffer_size': 100000, 'quiet': False, 'no_print': False, 'skip_profile_setup': False, 'which': 'init', 'indirect_selection': 'eager'}
[0m14:02:43.656459 [debug] [MainThread]: Tracking: tracking
[0m14:02:43.660559 [debug] [MainThread]: Sending event: {'category': 'dbt', 'action': 'invocation', 'label': 'start', 'context': [<snowplow_tracker.self_describing_json.SelfDescribingJson object at 0x7f367be07bb0>, <snowplow_tracker.self_describing_json.SelfDescribingJson object at 0x7f367be07a00>, <snowplow_tracker.self_describing_json.SelfDescribingJson object at 0x7f367be07ac0>]}
[0m14:02:43.661266 [info ] [MainThread]: Creating dbt configuration folder at /home/ulugbek/.dbt
[0m14:02:50.313148 [debug] [MainThread]: Starter project path: /media/ulugbek/E disk/projects/de/dbt-project/dbt/lib/python3.9/site-packages/dbt/include/starter_project
[0m14:03:00.162767 [info ] [MainThread]: No sample profile found for duckdb.
[0m14:03:00.163331 [info ] [MainThread]: 
Your new dbt project "dbt_demo" was created!

For more information on how to configure the profiles.yml file,
please consult the dbt documentation here:

  https://docs.getdbt.com/docs/configure-your-profile

One more thing:

Need help? Don't hesitate to reach out to us via GitHub issues or on Slack:

  https://community.getdbt.com/

Happy modeling!

[0m14:03:00.164286 [debug] [MainThread]: Sending event: {'category': 'dbt', 'action': 'invocation', 'label': 'end', 'context': [<snowplow_tracker.self_describing_json.SelfDescribingJson object at 0x7f367be070d0>, <snowplow_tracker.self_describing_json.SelfDescribingJson object at 0x7f367be07af0>, <snowplow_tracker.self_describing_json.SelfDescribingJson object at 0x7f367be079d0>]}
[0m14:03:00.164599 [debug] [MainThread]: Flushing usage events


============================== 2023-01-04 05:19:04.547192 | 7fd48510-2204-4cfe-9774-dc2cc614edbd ==============================
[0m05:19:04.547214 [info ] [MainThread]: Running with dbt=1.3.1
[0m05:19:04.575430 [debug] [MainThread]: running dbt with arguments {'write_json': True, 'use_colors': True, 'printer_width': 80, 'version_check': True, 'partial_parse': True, 'static_parser': True, 'profiles_dir': '/home/ulugbek/.dbt', 'send_anonymous_usage_stats': True, 'event_buffer_size': 100000, 'quiet': False, 'no_print': False, 'config_dir': False, 'which': 'debug', 'indirect_selection': 'eager'}
[0m05:19:04.576165 [debug] [MainThread]: Tracking: tracking
[0m05:19:04.586086 [debug] [MainThread]: Sending event: {'category': 'dbt', 'action': 'invocation', 'label': 'start', 'context': [<snowplow_tracker.self_describing_json.SelfDescribingJson object at 0x7f94b5219d60>, <snowplow_tracker.self_describing_json.SelfDescribingJson object at 0x7f94b5219ac0>, <snowplow_tracker.self_describing_json.SelfDescribingJson object at 0x7f94b5219b80>]}
[0m05:19:04.587110 [debug] [MainThread]: Executing "git --help"
[0m05:19:04.593019 [debug] [MainThread]: STDOUT: "b"usage: git [--version] [--help] [-C <path>] [-c <name>=<value>]\n           [--exec-path[=<path>]] [--html-path] [--man-path] [--info-path]\n           [-p | --paginate | -P | --no-pager] [--no-replace-objects] [--bare]\n           [--git-dir=<path>] [--work-tree=<path>] [--namespace=<name>]\n           <command> [<args>]\n\nThese are common Git commands used in various situations:\n\nstart a working area (see also: git help tutorial)\n   clone             Clone a repository into a new directory\n   init              Create an empty Git repository or reinitialize an existing one\n\nwork on the current change (see also: git help everyday)\n   add               Add file contents to the index\n   mv                Move or rename a file, a directory, or a symlink\n   restore           Restore working tree files\n   rm                Remove files from the working tree and from the index\n   sparse-checkout   Initialize and modify the sparse-checkout\n\nexamine the history and state (see also: git help revisions)\n   bisect            Use binary search to find the commit that introduced a bug\n   diff              Show changes between commits, commit and working tree, etc\n   grep              Print lines matching a pattern\n   log               Show commit logs\n   show              Show various types of objects\n   status            Show the working tree status\n\ngrow, mark and tweak your common history\n   branch            List, create, or delete branches\n   commit            Record changes to the repository\n   merge             Join two or more development histories together\n   rebase            Reapply commits on top of another base tip\n   reset             Reset current HEAD to the specified state\n   switch            Switch branches\n   tag               Create, list, delete or verify a tag object signed with GPG\n\ncollaborate (see also: git help workflows)\n   fetch             Download objects and refs from another repository\n   pull              Fetch from and integrate with another repository or a local branch\n   push              Update remote refs along with associated objects\n\n'git help -a' and 'git help -g' list available subcommands and some\nconcept guides. See 'git help <command>' or 'git help <concept>'\nto read about a specific subcommand or concept.\nSee 'git help git' for an overview of the system.\n""
[0m05:19:04.593663 [debug] [MainThread]: STDERR: "b''"
[0m05:19:04.594378 [debug] [MainThread]: Sending event: {'category': 'dbt', 'action': 'invocation', 'label': 'end', 'context': [<snowplow_tracker.self_describing_json.SelfDescribingJson object at 0x7f94b5219ac0>, <snowplow_tracker.self_describing_json.SelfDescribingJson object at 0x7f94b5219a30>, <snowplow_tracker.self_describing_json.SelfDescribingJson object at 0x7f94b5219940>]}
[0m05:19:04.595127 [debug] [MainThread]: Flushing usage events
